[2m[11:35:56][0m[2m [0m [1mINFO[0m        Analyzing result file: ../results/v1.0/features_raw/stackoverflow_dba_sqlstorm_v1.0.csv         
[2m          [0m[2m [0m [1mINFO[0m        Loading the data...                                                                             
[?25l
[?25h
[2m[11:36:36][0m[2m [0m [1mINFO[0m        Loaded [1m18251[0m queries with [1m104[0m errors.                                                           

[2m          [0m[2m [0m [1mINFO[0m           [1m56[0m of  [1m1825[0m ArrayUnnest operators are distinct [1m([0m[1m3.07[0m%[1m)[0m.                                      
[2m          [0m[2m [0m [1mINFO[0m         [1m8410[0m of [1m43179[0m GroupBy operators are distinct [1m([0m[1m19.48[0m%[1m)[0m.                                         
[2m          [0m[2m [0m [1mINFO[0m         [1m2191[0m of  [1m5270[0m GroupJoin operators are distinct [1m([0m[1m41.57[0m%[1m)[0m.                                       
[2m          [0m[2m [0m [1mINFO[0m            [1m8[0m of    [1m33[0m InlineTable operators are distinct [1m([0m[1m24.24[0m%[1m)[0m.                                     
[2m          [0m[2m [0m [1mINFO[0m           [1m68[0m of   [1m165[0m Iteration operators are distinct [1m([0m[1m41.21[0m%[1m)[0m.                                       
[2m          [0m[2m [0m [1mINFO[0m           [1m11[0m of   [1m166[0m IterationScan operators are distinct [1m([0m[1m6.63[0m%[1m)[0m.                                    
[2m          [0m[2m [0m [1mINFO[0m         [1m4427[0m of [1m69396[0m Join operators are distinct [1m([0m[1m6.38[0m%[1m)[0m.                                             
[2m          [0m[2m [0m [1mINFO[0m          [1m538[0m of  [1m4598[0m Map operators are distinct [1m([0m[1m11.70[0m%[1m)[0m.                                             
[2m          [0m[2m [0m [1mINFO[0m          [1m459[0m of  [1m8701[0m PipelineBreakerScan operators are distinct [1m([0m[1m5.28[0m%[1m)[0m.                              
[2m          [0m[2m [0m [1mINFO[0m            [1m2[0m of     [1m4[0m RegexSplit operators are distinct [1m([0m[1m50.00[0m%[1m)[0m.                                      
[2m          [0m[2m [0m [1mINFO[0m          [1m734[0m of [1m16526[0m Select operators are distinct [1m([0m[1m4.44[0m%[1m)[0m.                                           
[2m          [0m[2m [0m [1mINFO[0m           [1m44[0m of    [1m48[0m SetOperation operators are distinct [1m([0m[1m91.67[0m%[1m)[0m.                                    
[2m          [0m[2m [0m [1mINFO[0m         [1m6670[0m of [1m18836[0m Sort operators are distinct [1m([0m[1m35.41[0m%[1m)[0m.                                            
[2m          [0m[2m [0m [1mINFO[0m         [1m2221[0m of [1m86575[0m TableScan operators are distinct [1m([0m[1m2.57[0m%[1m)[0m.                                        
[2m          [0m[2m [0m [1mINFO[0m          [1m278[0m of  [1m1634[0m Temp operators are distinct [1m([0m[1m17.01[0m%[1m)[0m.                                            
[2m          [0m[2m [0m [1mINFO[0m          [1m550[0m of [1m10445[0m Window operators are distinct [1m([0m[1m5.27[0m%[1m)[0m.                                           

[2m          [0m[2m [0m [1mINFO[0m            [1m1[0m of     [1m6[0m trees with   [1m2[0m operators are distinct [1m([0m[1m16.67[0m%[1m)[0m.                                  
[2m          [0m[2m [0m [1mINFO[0m            [1m2[0m of    [1m17[0m trees with   [1m3[0m operators are distinct [1m([0m[1m11.76[0m%[1m)[0m.                                  
[2m          [0m[2m [0m [1mINFO[0m            [1m1[0m of     [1m9[0m trees with   [1m4[0m operators are distinct [1m([0m[1m11.11[0m%[1m)[0m.                                  
[2m          [0m[2m [0m [1mINFO[0m            [1m6[0m of  [1m1413[0m trees with   [1m5[0m operators are distinct [1m([0m[1m0.42[0m%[1m)[0m.                                   
[2m          [0m[2m [0m [1mINFO[0m           [1m11[0m of   [1m342[0m trees with   [1m6[0m operators are distinct [1m([0m[1m3.22[0m%[1m)[0m.                                   
[2m          [0m[2m [0m [1mINFO[0m           [1m24[0m of  [1m1007[0m trees with   [1m7[0m operators are distinct [1m([0m[1m2.38[0m%[1m)[0m.                                   
[2m          [0m[2m [0m [1mINFO[0m           [1m38[0m of  [1m1015[0m trees with   [1m8[0m operators are distinct [1m([0m[1m3.74[0m%[1m)[0m.                                   
[2m          [0m[2m [0m [1mINFO[0m           [1m80[0m of   [1m339[0m trees with   [1m9[0m operators are distinct [1m([0m[1m23.60[0m%[1m)[0m.                                  
[2m          [0m[2m [0m [1mINFO[0m          [1m151[0m of  [1m1635[0m trees with  [1m10[0m operators are distinct [1m([0m[1m9.24[0m%[1m)[0m.                                   
[2m          [0m[2m [0m [1mINFO[0m          [1m274[0m of   [1m699[0m trees with  [1m11[0m operators are distinct [1m([0m[1m39.20[0m%[1m)[0m.                                  
[2m          [0m[2m [0m [1mINFO[0m          [1m386[0m of  [1m1294[0m trees with  [1m12[0m operators are distinct [1m([0m[1m29.83[0m%[1m)[0m.                                  
[2m          [0m[2m [0m [1mINFO[0m          [1m518[0m of  [1m1012[0m trees with  [1m13[0m operators are distinct [1m([0m[1m51.19[0m%[1m)[0m.                                  
[2m          [0m[2m [0m [1mINFO[0m          [1m669[0m of  [1m1059[0m trees with  [1m14[0m operators are distinct [1m([0m[1m63.17[0m%[1m)[0m.                                  
[2m          [0m[2m [0m [1mINFO[0m          [1m736[0m of   [1m955[0m trees with  [1m15[0m operators are distinct [1m([0m[1m77.07[0m%[1m)[0m.                                  
[2m          [0m[2m [0m [1mINFO[0m          [1m765[0m of   [1m880[0m trees with  [1m16[0m operators are distinct [1m([0m[1m86.93[0m%[1m)[0m.                                  
[2m          [0m[2m [0m [1mINFO[0m          [1m752[0m of   [1m839[0m trees with  [1m17[0m operators are distinct [1m([0m[1m89.63[0m%[1m)[0m.                                  
[2m          [0m[2m [0m [1mINFO[0m          [1m711[0m of   [1m775[0m trees with  [1m18[0m operators are distinct [1m([0m[1m91.74[0m%[1m)[0m.                                  
[2m          [0m[2m [0m [1mINFO[0m          [1m670[0m of   [1m694[0m trees with  [1m19[0m operators are distinct [1m([0m[1m96.54[0m%[1m)[0m.                                  
[2m          [0m[2m [0m [1mINFO[0m          [1m593[0m of   [1m622[0m trees with  [1m20[0m operators are distinct [1m([0m[1m95.34[0m%[1m)[0m.                                  
[2m          [0m[2m [0m [1mINFO[0m          [1m497[0m of   [1m501[0m trees with  [1m21[0m operators are distinct [1m([0m[1m99.20[0m%[1m)[0m.                                  
[2m          [0m[2m [0m [1mINFO[0m          [1m467[0m of   [1m486[0m trees with  [1m22[0m operators are distinct [1m([0m[1m96.09[0m%[1m)[0m.                                  
[2m          [0m[2m [0m [1mINFO[0m          [1m394[0m of   [1m402[0m trees with  [1m23[0m operators are distinct [1m([0m[1m98.01[0m%[1m)[0m.                                  
[2m          [0m[2m [0m [1mINFO[0m          [1m334[0m of   [1m338[0m trees with  [1m24[0m operators are distinct [1m([0m[1m98.82[0m%[1m)[0m.                                  
[2m          [0m[2m [0m [1mINFO[0m          [1m267[0m of   [1m274[0m trees with  [1m25[0m operators are distinct [1m([0m[1m97.45[0m%[1m)[0m.                                  
[2m          [0m[2m [0m [1mINFO[0m          [1m213[0m of   [1m214[0m trees with  [1m26[0m operators are distinct [1m([0m[1m99.53[0m%[1m)[0m.                                  
[2m          [0m[2m [0m [1mINFO[0m          [1m211[0m of   [1m215[0m trees with  [1m27[0m operators are distinct [1m([0m[1m98.14[0m%[1m)[0m.                                  
[2m          [0m[2m [0m [1mINFO[0m          [1m163[0m of   [1m167[0m trees with  [1m28[0m operators are distinct [1m([0m[1m97.60[0m%[1m)[0m.                                  
[2m          [0m[2m [0m [1mINFO[0m          [1m150[0m of   [1m153[0m trees with  [1m29[0m operators are distinct [1m([0m[1m98.04[0m%[1m)[0m.                                  
[2m          [0m[2m [0m [1mINFO[0m          [1m128[0m of   [1m128[0m trees with  [1m30[0m operators are distinct [1m([0m[1m100.00[0m%[1m)[0m.                                 
[2m          [0m[2m [0m [1mINFO[0m          [1m114[0m of   [1m114[0m trees with  [1m31[0m operators are distinct [1m([0m[1m100.00[0m%[1m)[0m.                                 
[2m          [0m[2m [0m [1mINFO[0m           [1m89[0m of    [1m89[0m trees with  [1m32[0m operators are distinct [1m([0m[1m100.00[0m%[1m)[0m.                                 
[2m          [0m[2m [0m [1mINFO[0m           [1m82[0m of    [1m82[0m trees with  [1m33[0m operators are distinct [1m([0m[1m100.00[0m%[1m)[0m.                                 
[2m          [0m[2m [0m [1mINFO[0m           [1m77[0m of    [1m77[0m trees with  [1m34[0m operators are distinct [1m([0m[1m100.00[0m%[1m)[0m.                                 
[2m          [0m[2m [0m [1mINFO[0m           [1m54[0m of    [1m54[0m trees with  [1m35[0m operators are distinct [1m([0m[1m100.00[0m%[1m)[0m.                                 
[2m          [0m[2m [0m [1mINFO[0m           [1m43[0m of    [1m43[0m trees with  [1m36[0m operators are distinct [1m([0m[1m100.00[0m%[1m)[0m.                                 
[2m          [0m[2m [0m [1mINFO[0m           [1m34[0m of    [1m34[0m trees with  [1m37[0m operators are distinct [1m([0m[1m100.00[0m%[1m)[0m.                                 
[2m          [0m[2m [0m [1mINFO[0m           [1m21[0m of    [1m21[0m trees with  [1m38[0m operators are distinct [1m([0m[1m100.00[0m%[1m)[0m.                                 
[2m          [0m[2m [0m [1mINFO[0m           [1m32[0m of    [1m32[0m trees with  [1m39[0m operators are distinct [1m([0m[1m100.00[0m%[1m)[0m.                                 
[2m          [0m[2m [0m [1mINFO[0m           [1m27[0m of    [1m27[0m trees with  [1m40[0m operators are distinct [1m([0m[1m100.00[0m%[1m)[0m.                                 
[2m          [0m[2m [0m [1mINFO[0m           [1m24[0m of    [1m24[0m trees with  [1m41[0m operators are distinct [1m([0m[1m100.00[0m%[1m)[0m.                                 
[2m          [0m[2m [0m [1mINFO[0m           [1m11[0m of    [1m11[0m trees with  [1m42[0m operators are distinct [1m([0m[1m100.00[0m%[1m)[0m.                                 
[2m          [0m[2m [0m [1mINFO[0m            [1m7[0m of     [1m7[0m trees with  [1m43[0m operators are distinct [1m([0m[1m100.00[0m%[1m)[0m.                                 
[2m          [0m[2m [0m [1mINFO[0m           [1m11[0m of    [1m11[0m trees with  [1m44[0m operators are distinct [1m([0m[1m100.00[0m%[1m)[0m.                                 
[2m          [0m[2m [0m [1mINFO[0m            [1m5[0m of     [1m5[0m trees with  [1m45[0m operators are distinct [1m([0m[1m100.00[0m%[1m)[0m.                                 
[2m          [0m[2m [0m [1mINFO[0m            [1m3[0m of     [1m3[0m trees with  [1m46[0m operators are distinct [1m([0m[1m100.00[0m%[1m)[0m.                                 
[2m          [0m[2m [0m [1mINFO[0m            [1m5[0m of     [1m5[0m trees with  [1m47[0m operators are distinct [1m([0m[1m100.00[0m%[1m)[0m.                                 
[2m          [0m[2m [0m [1mINFO[0m            [1m2[0m of     [1m2[0m trees with  [1m48[0m operators are distinct [1m([0m[1m100.00[0m%[1m)[0m.                                 
[2m          [0m[2m [0m [1mINFO[0m            [1m4[0m of     [1m4[0m trees with  [1m49[0m operators are distinct [1m([0m[1m100.00[0m%[1m)[0m.                                 
[2m          [0m[2m [0m [1mINFO[0m            [1m3[0m of     [1m3[0m trees with  [1m50[0m operators are distinct [1m([0m[1m100.00[0m%[1m)[0m.                                 
[2m          [0m[2m [0m [1mINFO[0m            [1m2[0m of     [1m2[0m trees with  [1m51[0m operators are distinct [1m([0m[1m100.00[0m%[1m)[0m.                                 
[2m          [0m[2m [0m [1mINFO[0m            [1m2[0m of     [1m2[0m trees with  [1m52[0m operators are distinct [1m([0m[1m100.00[0m%[1m)[0m.                                 
[2m          [0m[2m [0m [1mINFO[0m            [1m1[0m of     [1m1[0m trees with  [1m53[0m operators are distinct [1m([0m[1m100.00[0m%[1m)[0m.                                 
[2m          [0m[2m [0m [1mINFO[0m            [1m1[0m of     [1m1[0m trees with  [1m55[0m operators are distinct [1m([0m[1m100.00[0m%[1m)[0m.                                 
[2m          [0m[2m [0m [1mINFO[0m            [1m1[0m of     [1m1[0m trees with  [1m56[0m operators are distinct [1m([0m[1m100.00[0m%[1m)[0m.                                 
[2m          [0m[2m [0m [1mINFO[0m            [1m1[0m of     [1m1[0m trees with  [1m60[0m operators are distinct [1m([0m[1m100.00[0m%[1m)[0m.                                 
[2m          [0m[2m [0m [1mINFO[0m            [1m1[0m of     [1m1[0m trees with  [1m62[0m operators are distinct [1m([0m[1m100.00[0m%[1m)[0m.                                 

[2m          [0m[2m [0m [1mINFO[0m        [1m26667[0m of [1m267401[0m operators are distinct [1m([0m[1m9.97[0m%[1m)[0m.                                                 
[2m          [0m[2m [0m [1mINFO[0m         [1m9869[0m of [1m18251[0m queries have distinct trees [1m([0m[1m54.07[0m%[1m)[0m.                                            
[2m          [0m[2m [0m [1mINFO[0m        [1m12384[0m of [1m18251[0m queries are distinct [1m([0m[1m67.85[0m%[1m)[0m.                                                   

[?25l
[?25h
[2m[11:36:41][0m[2m [0m [1mINFO[0m        Operator TableScan [1m([0mlow complexity[1m)[0m: [1m30733[0m queries                                              
[2m          [0m[2m [0m [1mINFO[0m        Operator Join [1m([0mlow complexity[1m)[0m: [1m30639[0m queries                                                   
[2m          [0m[2m [0m [1mINFO[0m        Operator GroupBy [1m([0mlow complexity[1m)[0m: [1m28356[0m queries                                                
[2m          [0m[2m [0m [1mINFO[0m        Operator Sort [1m([0mlow complexity[1m)[0m: [1m30500[0m queries                                                   
[2m          [0m[2m [0m [1mINFO[0m        Operator Select [1m([0mlow complexity[1m)[0m: [1m20478[0m queries                                                 
[2m          [0m[2m [0m [1mINFO[0m        Operator PipelineBreakerScan [1m([0mlow complexity[1m)[0m: [1m9905[0m queries                                     
[2m          [0m[2m [0m [1mINFO[0m        Operator Result [1m([0mlow complexity[1m)[0m: [1m30746[0m queries                                                 
[2m          [0m[2m [0m [1mINFO[0m        Operator GroupJoin [1m([0mlow complexity[1m)[0m: [1m12937[0m queries                                              
[2m          [0m[2m [0m [1mINFO[0m        Operator Map [1m([0mlow complexity[1m)[0m: [1m11683[0m queries                                                    
[2m          [0m[2m [0m [1mINFO[0m        Operator InlineTable [1m([0mlow complexity[1m)[0m: [1m893[0m queries                                              
[2m          [0m[2m [0m [1mINFO[0m        Operator Temp [1m([0mmedium complexity[1m)[0m: [1m3961[0m queries                                                 
[2m          [0m[2m [0m [1mINFO[0m        Operator SetOperation [1m([0mmedium complexity[1m)[0m: [1m482[0m queries                                          
[2m          [0m[2m [0m [1mINFO[0m        Operator Window [1m([0mmedium complexity[1m)[0m: [1m17383[0m queries                                              
[2m          [0m[2m [0m [1mINFO[0m        Operator Iteration [1m([0mhigh complexity[1m)[0m: [1m1793[0m queries                                              
[2m          [0m[2m [0m [1mINFO[0m        Operator IterationScan [1m([0mhigh complexity[1m)[0m: [1m1792[0m queries                                          
[2m          [0m[2m [0m [1mINFO[0m        Operator RegexSplit [1m([0mhigh complexity[1m)[0m: [1m5[0m queries                                                
[2m          [0m[2m [0m [1mINFO[0m        Operator ArrayUnnest [1m([0mhigh complexity[1m)[0m: [1m1486[0m queries                                            

[2m          [0m[2m [0m [1mINFO[0m        Join type inner [1m([0mlow complexity[1m)[0m: [1m29693[0m queries                                                 
[2m          [0m[2m [0m [1mINFO[0m        Join type outer [1m([0mlow complexity[1m)[0m: [1m5789[0m queries                                                  
[2m          [0m[2m [0m [1mINFO[0m        Join type fullouter [1m([0mlow complexity[1m)[0m: [1m684[0m queries                                               
[2m          [0m[2m [0m [1mINFO[0m        Join type leftouter [1m([0mlow complexity[1m)[0m: [1m20849[0m queries                                             
[2m          [0m[2m [0m [1mINFO[0m        Join type rightouter [1m([0mlow complexity[1m)[0m: [1m15014[0m queries                                            
[2m          [0m[2m [0m [1mINFO[0m        Join type leftsingle [1m([0mmedium complexity[1m)[0m: [1m1610[0m queries                                          
[2m          [0m[2m [0m [1mINFO[0m        Join type rightsingle [1m([0mmedium complexity[1m)[0m: [1m1253[0m queries                                         
[2m          [0m[2m [0m [1mINFO[0m        Join type leftsemi [1m([0mmedium complexity[1m)[0m: [1m825[0m queries                                             
[2m          [0m[2m [0m [1mINFO[0m        Join type rightsemi [1m([0mmedium complexity[1m)[0m: [1m813[0m queries                                            
[2m          [0m[2m [0m [1mINFO[0m        Join type leftanti [1m([0mmedium complexity[1m)[0m: [1m113[0m queries                                             
[2m          [0m[2m [0m [1mINFO[0m        Join type rightanti [1m([0mmedium complexity[1m)[0m: [1m103[0m queries                                            
[2m          [0m[2m [0m [1mINFO[0m        Join type rightmark [1m([0mhigh complexity[1m)[0m: [1m210[0m queries                                              
[2m          [0m[2m [0m [1mINFO[0m        Join type leftmark [1m([0mhigh complexity[1m)[0m: [1m262[0m queries                                               

[2m          [0m[2m [0m [1mINFO[0m        Expression category base [1m([0mlow complexity[1m)[0m: [1m30746[0m queries                                        
[2m          [0m[2m [0m [1mINFO[0m        Expression category cast [1m([0mlow complexity[1m)[0m: [1m21718[0m queries                                        
[2m          [0m[2m [0m [1mINFO[0m        Expression category case [1m([0mlow complexity[1m)[0m: [1m17001[0m queries                                        
[2m          [0m[2m [0m [1mINFO[0m        Expression category comparison_low [1m([0mlow complexity[1m)[0m: [1m30713[0m queries                              
[2m          [0m[2m [0m [1mINFO[0m        Expression category arithmetic_low [1m([0mlow complexity[1m)[0m: [1m17520[0m queries                              
[2m          [0m[2m [0m [1mINFO[0m        Expression category agg_low [1m([0mlow complexity[1m)[0m: [1m29190[0m queries                                     
[2m          [0m[2m [0m [1mINFO[0m        Expression category agg_medium [1m([0mmedium complexity[1m)[0m: [1m8897[0m queries                                
[2m          [0m[2m [0m [1mINFO[0m        Expression category comparison_medium [1m([0mmedium complexity[1m)[0m: [1m7[0m queries                            
[2m          [0m[2m [0m [1mINFO[0m        Expression category arithmetic_medium [1m([0mmedium complexity[1m)[0m: [1m1003[0m queries                         
[2m          [0m[2m [0m [1mINFO[0m        Expression category string matching [1m([0mmedium complexity[1m)[0m: [1m4650[0m queries                           
[2m          [0m[2m [0m [1mINFO[0m        Expression category string modification [1m([0mmedium complexity[1m)[0m: [1m6442[0m queries                       
[2m          [0m[2m [0m [1mINFO[0m        Expression category array [1m([0mmedium complexity[1m)[0m: [1m1641[0m queries                                     
[2m          [0m[2m [0m [1mINFO[0m        Expression category date [1m([0mmedium complexity[1m)[0m: [1m629[0m queries                                       
[2m          [0m[2m [0m [1mINFO[0m        Expression category nulls [1m([0mmedium complexity[1m)[0m: [1m14165[0m queries                                    
[2m          [0m[2m [0m [1mINFO[0m        Expression category error [1m([0mmedium complexity[1m)[0m: [1m3[0m queries                                        
[2m          [0m[2m [0m [1mINFO[0m        Expression category window_medium [1m([0mmedium complexity[1m)[0m: [1m17383[0m queries                            
[2m          [0m[2m [0m [1mINFO[0m        Expression category json [1m([0mhigh complexity[1m)[0m: [1m10[0m queries                                          
[2m          [0m[2m [0m [1mINFO[0m        Expression category regex [1m([0mhigh complexity[1m)[0m: [1m101[0m queries                                        

[2m          [0m[2m [0m [1mINFO[0m        Type bool [1m([0mlow complexity[1m)[0m: [1m267[0m queries                                                         
[2m          [0m[2m [0m [1mINFO[0m        Type boolean [1m([0mlow complexity[1m)[0m: [1m30660[0m queries                                                    
[2m          [0m[2m [0m [1mINFO[0m        Type smallint [1m([0mlow complexity[1m)[0m: [1m16716[0m queries                                                   
[2m          [0m[2m [0m [1mINFO[0m        Type integer [1m([0mlow complexity[1m)[0m: [1m30711[0m queries                                                    
[2m          [0m[2m [0m [1mINFO[0m        Type bigint [1m([0mlow complexity[1m)[0m: [1m27978[0m queries                                                     
[2m          [0m[2m [0m [1mINFO[0m        Type numeric [1m([0mlow complexity[1m)[0m: [1m23792[0m queries                                                    
[2m          [0m[2m [0m [1mINFO[0m        Type bignumeric [1m([0mlow complexity[1m)[0m: [1m19451[0m queries                                                 
[2m          [0m[2m [0m [1mINFO[0m        Type double [1m([0mlow complexity[1m)[0m: [1m352[0m queries                                                       
[2m          [0m[2m [0m [1mINFO[0m        Type date [1m([0mlow complexity[1m)[0m: [1m10181[0m queries                                                       
[2m          [0m[2m [0m [1mINFO[0m        Type timestamp [1m([0mlow complexity[1m)[0m: [1m14430[0m queries                                                  
[2m          [0m[2m [0m [1mINFO[0m        Type interval [1m([0mlow complexity[1m)[0m: [1m308[0m queries                                                     
[2m          [0m[2m [0m [1mINFO[0m        Type text [1m([0mlow complexity[1m)[0m: [1m28962[0m queries                                                       
[2m          [0m[2m [0m [1mINFO[0m        Type char [1m([0mlow complexity[1m)[0m: [1m21439[0m queries                                                       
[2m          [0m[2m [0m [1mINFO[0m        Type char1 [1m([0mlow complexity[1m)[0m: [1m5907[0m queries                                                       
[2m          [0m[2m [0m [1mINFO[0m        Type varchar [1m([0mlow complexity[1m)[0m: [1m26471[0m queries                                                    
[2m          [0m[2m [0m [1mINFO[0m        Type unknown [1m([0mlow complexity[1m)[0m: [1m28263[0m queries                                                    
[2m          [0m[2m [0m [1mINFO[0m        Type double precision [1m([0mlow complexity[1m)[0m: [1m565[0m queries                                             
[2m          [0m[2m [0m [1mINFO[0m        Type text[1m[[0m[1m][0m [1m([0mmedium complexity[1m)[0m: [1m2099[0m queries                                                   
[2m          [0m[2m [0m [1mINFO[0m        Type varchar[1m[[0m[1m][0m [1m([0mmedium complexity[1m)[0m: [1m352[0m queries                                                 
[2m          [0m[2m [0m [1mINFO[0m        Type integer[1m[[0m[1m][0m [1m([0mmedium complexity[1m)[0m: [1m50[0m queries                                                  
[2m          [0m[2m [0m [1mINFO[0m        Type smallint[1m[[0m[1m][0m [1m([0mmedium complexity[1m)[0m: [1m5[0m queries                                                  
[2m          [0m[2m [0m [1mINFO[0m        Type bigint[1m[[0m[1m][0m [1m([0mmedium complexity[1m)[0m: [1m2[0m queries                                                    
[2m          [0m[2m [0m [1mINFO[0m        Type char[1m[[0m[1m][0m [1m([0mmedium complexity[1m)[0m: [1m31[0m queries                                                     
[2m          [0m[2m [0m [1mINFO[0m        Type numeric[1m[[0m[1m][0m [1m([0mmedium complexity[1m)[0m: [1m1[0m queries                                                   
[2m          [0m[2m [0m [1mINFO[0m        Type record [1m([0mhigh complexity[1m)[0m: [1m25[0m queries                                                       
[2m          [0m[2m [0m [1mINFO[0m        Type jsonb [1m([0mhigh complexity[1m)[0m: [1m5[0m queries                                                         
[2m          [0m[2m [0m [1mINFO[0m        Type json [1m([0mhigh complexity[1m)[0m: [1m7[0m queries                                                          
[2m          [0m[2m [0m [1mINFO[0m        Type timestamptz [1m([0mhigh complexity[1m)[0m: [1m34[0m queries                                                  

[2m          [0m[2m [0m [1mINFO[0m        Complexity low: [1m4596[0m queries                                                                    
[2m          [0m[2m [0m [1mINFO[0m        Complexity medium: [1m10195[0m queries                                                                
[2m          [0m[2m [0m [1mINFO[0m        Complexity high: [1m3460[0m queries                                                                   

[2m          [0m[2m [0m [1mINFO[0m        Writing results to features/v1.[1m0[0m/stackoverflow_dba_sqlstorm.csv ...                             
[?25l
[?25h
