[2m[11:37:58][0m[2m [0m [1mINFO[0m        Analyzing result file: ../results/v1.0/features_raw/tpcdsSf1_sqlstorm_v1.0.csv                  
[2m          [0m[2m [0m [1mINFO[0m        Loading the data...                                                                             
[?25l
[?25h
[2m[11:38:28][0m[2m [0m [1mINFO[0m        Loaded [1m15242[0m queries with [1m139[0m errors.                                                           

[2m          [0m[2m [0m [1mINFO[0m            [1m1[0m of     [1m1[0m ArrayUnnest operators are distinct [1m([0m[1m100.00[0m%[1m)[0m.                                    
[2m          [0m[2m [0m [1mINFO[0m         [1m7317[0m of [1m33835[0m GroupBy operators are distinct [1m([0m[1m21.63[0m%[1m)[0m.                                         
[2m          [0m[2m [0m [1mINFO[0m         [1m1429[0m of  [1m4519[0m GroupJoin operators are distinct [1m([0m[1m31.62[0m%[1m)[0m.                                       
[2m          [0m[2m [0m [1mINFO[0m           [1m14[0m of   [1m115[0m InlineTable operators are distinct [1m([0m[1m12.17[0m%[1m)[0m.                                     
[2m          [0m[2m [0m [1mINFO[0m          [1m279[0m of   [1m493[0m Iteration operators are distinct [1m([0m[1m56.59[0m%[1m)[0m.                                       
[2m          [0m[2m [0m [1mINFO[0m           [1m95[0m of   [1m494[0m IterationScan operators are distinct [1m([0m[1m19.23[0m%[1m)[0m.                                   
[2m          [0m[2m [0m [1mINFO[0m         [1m6415[0m of [1m51386[0m Join operators are distinct [1m([0m[1m12.48[0m%[1m)[0m.                                            
[2m          [0m[2m [0m [1mINFO[0m         [1m1298[0m of  [1m7013[0m Map operators are distinct [1m([0m[1m18.51[0m%[1m)[0m.                                             
[2m          [0m[2m [0m [1mINFO[0m          [1m775[0m of  [1m6758[0m PipelineBreakerScan operators are distinct [1m([0m[1m11.47[0m%[1m)[0m.                             
[2m          [0m[2m [0m [1mINFO[0m         [1m1200[0m of [1m16619[0m Select operators are distinct [1m([0m[1m7.22[0m%[1m)[0m.                                           
[2m          [0m[2m [0m [1mINFO[0m          [1m125[0m of   [1m295[0m SetOperation operators are distinct [1m([0m[1m42.37[0m%[1m)[0m.                                    
[2m          [0m[2m [0m [1mINFO[0m         [1m8206[0m of [1m15553[0m Sort operators are distinct [1m([0m[1m52.76[0m%[1m)[0m.                                            
[2m          [0m[2m [0m [1mINFO[0m         [1m2783[0m of [1m69413[0m TableScan operators are distinct [1m([0m[1m4.01[0m%[1m)[0m.                                        
[2m          [0m[2m [0m [1mINFO[0m          [1m545[0m of  [1m3378[0m Temp operators are distinct [1m([0m[1m16.13[0m%[1m)[0m.                                            
[2m          [0m[2m [0m [1mINFO[0m          [1m650[0m of  [1m6806[0m Window operators are distinct [1m([0m[1m9.55[0m%[1m)[0m.                                           

[2m          [0m[2m [0m [1mINFO[0m            [1m1[0m of     [1m9[0m trees with   [1m2[0m operators are distinct [1m([0m[1m11.11[0m%[1m)[0m.                                  
[2m          [0m[2m [0m [1mINFO[0m            [1m2[0m of    [1m26[0m trees with   [1m3[0m operators are distinct [1m([0m[1m7.69[0m%[1m)[0m.                                   
[2m          [0m[2m [0m [1mINFO[0m            [1m8[0m of   [1m100[0m trees with   [1m4[0m operators are distinct [1m([0m[1m8.00[0m%[1m)[0m.                                   
[2m          [0m[2m [0m [1mINFO[0m           [1m12[0m of   [1m119[0m trees with   [1m5[0m operators are distinct [1m([0m[1m10.08[0m%[1m)[0m.                                  
[2m          [0m[2m [0m [1mINFO[0m           [1m27[0m of   [1m818[0m trees with   [1m6[0m operators are distinct [1m([0m[1m3.30[0m%[1m)[0m.                                   
[2m          [0m[2m [0m [1mINFO[0m           [1m42[0m of   [1m418[0m trees with   [1m7[0m operators are distinct [1m([0m[1m10.05[0m%[1m)[0m.                                  
[2m          [0m[2m [0m [1mINFO[0m           [1m68[0m of  [1m2104[0m trees with   [1m8[0m operators are distinct [1m([0m[1m3.23[0m%[1m)[0m.                                   
[2m          [0m[2m [0m [1mINFO[0m          [1m146[0m of   [1m995[0m trees with   [1m9[0m operators are distinct [1m([0m[1m14.67[0m%[1m)[0m.                                  
[2m          [0m[2m [0m [1mINFO[0m          [1m210[0m of   [1m960[0m trees with  [1m10[0m operators are distinct [1m([0m[1m21.88[0m%[1m)[0m.                                  
[2m          [0m[2m [0m [1mINFO[0m          [1m344[0m of   [1m982[0m trees with  [1m11[0m operators are distinct [1m([0m[1m35.03[0m%[1m)[0m.                                  
[2m          [0m[2m [0m [1mINFO[0m          [1m497[0m of   [1m925[0m trees with  [1m12[0m operators are distinct [1m([0m[1m53.73[0m%[1m)[0m.                                  
[2m          [0m[2m [0m [1mINFO[0m          [1m599[0m of   [1m825[0m trees with  [1m13[0m operators are distinct [1m([0m[1m72.61[0m%[1m)[0m.                                  
[2m          [0m[2m [0m [1mINFO[0m          [1m701[0m of   [1m844[0m trees with  [1m14[0m operators are distinct [1m([0m[1m83.06[0m%[1m)[0m.                                  
[2m          [0m[2m [0m [1mINFO[0m          [1m668[0m of   [1m732[0m trees with  [1m15[0m operators are distinct [1m([0m[1m91.26[0m%[1m)[0m.                                  
[2m          [0m[2m [0m [1mINFO[0m          [1m657[0m of   [1m693[0m trees with  [1m16[0m operators are distinct [1m([0m[1m94.81[0m%[1m)[0m.                                  
[2m          [0m[2m [0m [1mINFO[0m          [1m562[0m of   [1m569[0m trees with  [1m17[0m operators are distinct [1m([0m[1m98.77[0m%[1m)[0m.                                  
[2m          [0m[2m [0m [1mINFO[0m          [1m518[0m of   [1m525[0m trees with  [1m18[0m operators are distinct [1m([0m[1m98.67[0m%[1m)[0m.                                  
[2m          [0m[2m [0m [1mINFO[0m          [1m498[0m of   [1m506[0m trees with  [1m19[0m operators are distinct [1m([0m[1m98.42[0m%[1m)[0m.                                  
[2m          [0m[2m [0m [1mINFO[0m          [1m385[0m of   [1m390[0m trees with  [1m20[0m operators are distinct [1m([0m[1m98.72[0m%[1m)[0m.                                  
[2m          [0m[2m [0m [1mINFO[0m          [1m399[0m of   [1m401[0m trees with  [1m21[0m operators are distinct [1m([0m[1m99.50[0m%[1m)[0m.                                  
[2m          [0m[2m [0m [1mINFO[0m          [1m325[0m of   [1m325[0m trees with  [1m22[0m operators are distinct [1m([0m[1m100.00[0m%[1m)[0m.                                 
[2m          [0m[2m [0m [1mINFO[0m          [1m289[0m of   [1m291[0m trees with  [1m23[0m operators are distinct [1m([0m[1m99.31[0m%[1m)[0m.                                  
[2m          [0m[2m [0m [1mINFO[0m          [1m249[0m of   [1m249[0m trees with  [1m24[0m operators are distinct [1m([0m[1m100.00[0m%[1m)[0m.                                 
[2m          [0m[2m [0m [1mINFO[0m          [1m215[0m of   [1m215[0m trees with  [1m25[0m operators are distinct [1m([0m[1m100.00[0m%[1m)[0m.                                 
[2m          [0m[2m [0m [1mINFO[0m          [1m169[0m of   [1m169[0m trees with  [1m26[0m operators are distinct [1m([0m[1m100.00[0m%[1m)[0m.                                 
[2m          [0m[2m [0m [1mINFO[0m          [1m172[0m of   [1m172[0m trees with  [1m27[0m operators are distinct [1m([0m[1m100.00[0m%[1m)[0m.                                 
[2m          [0m[2m [0m [1mINFO[0m          [1m136[0m of   [1m136[0m trees with  [1m28[0m operators are distinct [1m([0m[1m100.00[0m%[1m)[0m.                                 
[2m          [0m[2m [0m [1mINFO[0m          [1m103[0m of   [1m103[0m trees with  [1m29[0m operators are distinct [1m([0m[1m100.00[0m%[1m)[0m.                                 
[2m          [0m[2m [0m [1mINFO[0m           [1m98[0m of    [1m98[0m trees with  [1m30[0m operators are distinct [1m([0m[1m100.00[0m%[1m)[0m.                                 
[2m          [0m[2m [0m [1mINFO[0m           [1m75[0m of    [1m75[0m trees with  [1m31[0m operators are distinct [1m([0m[1m100.00[0m%[1m)[0m.                                 
[2m          [0m[2m [0m [1mINFO[0m           [1m58[0m of    [1m58[0m trees with  [1m32[0m operators are distinct [1m([0m[1m100.00[0m%[1m)[0m.                                 
[2m          [0m[2m [0m [1mINFO[0m           [1m43[0m of    [1m43[0m trees with  [1m33[0m operators are distinct [1m([0m[1m100.00[0m%[1m)[0m.                                 
[2m          [0m[2m [0m [1mINFO[0m           [1m44[0m of    [1m44[0m trees with  [1m34[0m operators are distinct [1m([0m[1m100.00[0m%[1m)[0m.                                 
[2m          [0m[2m [0m [1mINFO[0m           [1m45[0m of    [1m45[0m trees with  [1m35[0m operators are distinct [1m([0m[1m100.00[0m%[1m)[0m.                                 
[2m          [0m[2m [0m [1mINFO[0m           [1m29[0m of    [1m29[0m trees with  [1m36[0m operators are distinct [1m([0m[1m100.00[0m%[1m)[0m.                                 
[2m          [0m[2m [0m [1mINFO[0m           [1m19[0m of    [1m19[0m trees with  [1m37[0m operators are distinct [1m([0m[1m100.00[0m%[1m)[0m.                                 
[2m          [0m[2m [0m [1mINFO[0m           [1m13[0m of    [1m13[0m trees with  [1m38[0m operators are distinct [1m([0m[1m100.00[0m%[1m)[0m.                                 
[2m          [0m[2m [0m [1mINFO[0m           [1m16[0m of    [1m16[0m trees with  [1m39[0m operators are distinct [1m([0m[1m100.00[0m%[1m)[0m.                                 
[2m          [0m[2m [0m [1mINFO[0m            [1m7[0m of     [1m7[0m trees with  [1m40[0m operators are distinct [1m([0m[1m100.00[0m%[1m)[0m.                                 
[2m          [0m[2m [0m [1mINFO[0m           [1m10[0m of    [1m10[0m trees with  [1m41[0m operators are distinct [1m([0m[1m100.00[0m%[1m)[0m.                                 
[2m          [0m[2m [0m [1mINFO[0m            [1m6[0m of     [1m6[0m trees with  [1m42[0m operators are distinct [1m([0m[1m100.00[0m%[1m)[0m.                                 
[2m          [0m[2m [0m [1mINFO[0m           [1m10[0m of    [1m10[0m trees with  [1m43[0m operators are distinct [1m([0m[1m100.00[0m%[1m)[0m.                                 
[2m          [0m[2m [0m [1mINFO[0m            [1m8[0m of     [1m8[0m trees with  [1m44[0m operators are distinct [1m([0m[1m100.00[0m%[1m)[0m.                                 
[2m          [0m[2m [0m [1mINFO[0m            [1m4[0m of     [1m4[0m trees with  [1m45[0m operators are distinct [1m([0m[1m100.00[0m%[1m)[0m.                                 
[2m          [0m[2m [0m [1mINFO[0m            [1m4[0m of     [1m4[0m trees with  [1m46[0m operators are distinct [1m([0m[1m100.00[0m%[1m)[0m.                                 
[2m          [0m[2m [0m [1mINFO[0m            [1m1[0m of     [1m1[0m trees with  [1m47[0m operators are distinct [1m([0m[1m100.00[0m%[1m)[0m.                                 
[2m          [0m[2m [0m [1mINFO[0m            [1m3[0m of     [1m3[0m trees with  [1m48[0m operators are distinct [1m([0m[1m100.00[0m%[1m)[0m.                                 
[2m          [0m[2m [0m [1mINFO[0m            [1m5[0m of     [1m5[0m trees with  [1m49[0m operators are distinct [1m([0m[1m100.00[0m%[1m)[0m.                                 
[2m          [0m[2m [0m [1mINFO[0m            [1m2[0m of     [1m2[0m trees with  [1m51[0m operators are distinct [1m([0m[1m100.00[0m%[1m)[0m.                                 
[2m          [0m[2m [0m [1mINFO[0m            [1m2[0m of     [1m2[0m trees with  [1m53[0m operators are distinct [1m([0m[1m100.00[0m%[1m)[0m.                                 

[2m          [0m[2m [0m [1mINFO[0m        [1m31132[0m of [1m216678[0m operators are distinct [1m([0m[1m14.37[0m%[1m)[0m.                                                
[2m          [0m[2m [0m [1mINFO[0m         [1m8504[0m of [1m15242[0m queries have distinct trees [1m([0m[1m55.79[0m%[1m)[0m.                                            
[2m          [0m[2m [0m [1mINFO[0m        [1m10572[0m of [1m15242[0m queries are distinct [1m([0m[1m69.36[0m%[1m)[0m.                                                   

[?25l
[?25h
[2m[11:38:31][0m[2m [0m [1mINFO[0m        Operator TableScan [1m([0mlow complexity[1m)[0m: [1m30733[0m queries                                              
[2m          [0m[2m [0m [1mINFO[0m        Operator Join [1m([0mlow complexity[1m)[0m: [1m30639[0m queries                                                   
[2m          [0m[2m [0m [1mINFO[0m        Operator GroupBy [1m([0mlow complexity[1m)[0m: [1m28356[0m queries                                                
[2m          [0m[2m [0m [1mINFO[0m        Operator Sort [1m([0mlow complexity[1m)[0m: [1m30500[0m queries                                                   
[2m          [0m[2m [0m [1mINFO[0m        Operator Select [1m([0mlow complexity[1m)[0m: [1m20478[0m queries                                                 
[2m          [0m[2m [0m [1mINFO[0m        Operator PipelineBreakerScan [1m([0mlow complexity[1m)[0m: [1m9905[0m queries                                     
[2m          [0m[2m [0m [1mINFO[0m        Operator Result [1m([0mlow complexity[1m)[0m: [1m30746[0m queries                                                 
[2m          [0m[2m [0m [1mINFO[0m        Operator GroupJoin [1m([0mlow complexity[1m)[0m: [1m12937[0m queries                                              
[2m          [0m[2m [0m [1mINFO[0m        Operator Map [1m([0mlow complexity[1m)[0m: [1m11683[0m queries                                                    
[2m          [0m[2m [0m [1mINFO[0m        Operator InlineTable [1m([0mlow complexity[1m)[0m: [1m893[0m queries                                              
[2m          [0m[2m [0m [1mINFO[0m        Operator Temp [1m([0mmedium complexity[1m)[0m: [1m3961[0m queries                                                 
[2m          [0m[2m [0m [1mINFO[0m        Operator SetOperation [1m([0mmedium complexity[1m)[0m: [1m482[0m queries                                          
[2m          [0m[2m [0m [1mINFO[0m        Operator Window [1m([0mmedium complexity[1m)[0m: [1m17383[0m queries                                              
[2m          [0m[2m [0m [1mINFO[0m        Operator Iteration [1m([0mhigh complexity[1m)[0m: [1m1793[0m queries                                              
[2m          [0m[2m [0m [1mINFO[0m        Operator IterationScan [1m([0mhigh complexity[1m)[0m: [1m1792[0m queries                                          
[2m          [0m[2m [0m [1mINFO[0m        Operator RegexSplit [1m([0mhigh complexity[1m)[0m: [1m5[0m queries                                                
[2m          [0m[2m [0m [1mINFO[0m        Operator ArrayUnnest [1m([0mhigh complexity[1m)[0m: [1m1486[0m queries                                            

[2m          [0m[2m [0m [1mINFO[0m        Join type inner [1m([0mlow complexity[1m)[0m: [1m29693[0m queries                                                 
[2m          [0m[2m [0m [1mINFO[0m        Join type outer [1m([0mlow complexity[1m)[0m: [1m5789[0m queries                                                  
[2m          [0m[2m [0m [1mINFO[0m        Join type fullouter [1m([0mlow complexity[1m)[0m: [1m684[0m queries                                               
[2m          [0m[2m [0m [1mINFO[0m        Join type leftouter [1m([0mlow complexity[1m)[0m: [1m20849[0m queries                                             
[2m          [0m[2m [0m [1mINFO[0m        Join type rightouter [1m([0mlow complexity[1m)[0m: [1m15014[0m queries                                            
[2m          [0m[2m [0m [1mINFO[0m        Join type leftsingle [1m([0mmedium complexity[1m)[0m: [1m1610[0m queries                                          
[2m          [0m[2m [0m [1mINFO[0m        Join type rightsingle [1m([0mmedium complexity[1m)[0m: [1m1253[0m queries                                         
[2m          [0m[2m [0m [1mINFO[0m        Join type leftsemi [1m([0mmedium complexity[1m)[0m: [1m825[0m queries                                             
[2m          [0m[2m [0m [1mINFO[0m        Join type rightsemi [1m([0mmedium complexity[1m)[0m: [1m813[0m queries                                            
[2m          [0m[2m [0m [1mINFO[0m        Join type leftanti [1m([0mmedium complexity[1m)[0m: [1m113[0m queries                                             
[2m          [0m[2m [0m [1mINFO[0m        Join type rightanti [1m([0mmedium complexity[1m)[0m: [1m103[0m queries                                            
[2m          [0m[2m [0m [1mINFO[0m        Join type rightmark [1m([0mhigh complexity[1m)[0m: [1m210[0m queries                                              
[2m          [0m[2m [0m [1mINFO[0m        Join type leftmark [1m([0mhigh complexity[1m)[0m: [1m262[0m queries                                               

[2m          [0m[2m [0m [1mINFO[0m        Expression category base [1m([0mlow complexity[1m)[0m: [1m30746[0m queries                                        
[2m          [0m[2m [0m [1mINFO[0m        Expression category cast [1m([0mlow complexity[1m)[0m: [1m21718[0m queries                                        
[2m          [0m[2m [0m [1mINFO[0m        Expression category case [1m([0mlow complexity[1m)[0m: [1m17001[0m queries                                        
[2m          [0m[2m [0m [1mINFO[0m        Expression category comparison_low [1m([0mlow complexity[1m)[0m: [1m30713[0m queries                              
[2m          [0m[2m [0m [1mINFO[0m        Expression category arithmetic_low [1m([0mlow complexity[1m)[0m: [1m17520[0m queries                              
[2m          [0m[2m [0m [1mINFO[0m        Expression category agg_low [1m([0mlow complexity[1m)[0m: [1m29190[0m queries                                     
[2m          [0m[2m [0m [1mINFO[0m        Expression category agg_medium [1m([0mmedium complexity[1m)[0m: [1m8897[0m queries                                
[2m          [0m[2m [0m [1mINFO[0m        Expression category comparison_medium [1m([0mmedium complexity[1m)[0m: [1m7[0m queries                            
[2m          [0m[2m [0m [1mINFO[0m        Expression category arithmetic_medium [1m([0mmedium complexity[1m)[0m: [1m1003[0m queries                         
[2m          [0m[2m [0m [1mINFO[0m        Expression category string matching [1m([0mmedium complexity[1m)[0m: [1m4650[0m queries                           
[2m          [0m[2m [0m [1mINFO[0m        Expression category string modification [1m([0mmedium complexity[1m)[0m: [1m6442[0m queries                       
[2m[11:38:32][0m[2m [0m [1mINFO[0m        Expression category array [1m([0mmedium complexity[1m)[0m: [1m1641[0m queries                                     
[2m          [0m[2m [0m [1mINFO[0m        Expression category date [1m([0mmedium complexity[1m)[0m: [1m629[0m queries                                       
[2m          [0m[2m [0m [1mINFO[0m        Expression category nulls [1m([0mmedium complexity[1m)[0m: [1m14165[0m queries                                    
[2m          [0m[2m [0m [1mINFO[0m        Expression category error [1m([0mmedium complexity[1m)[0m: [1m3[0m queries                                        
[2m          [0m[2m [0m [1mINFO[0m        Expression category window_medium [1m([0mmedium complexity[1m)[0m: [1m17383[0m queries                            
[2m          [0m[2m [0m [1mINFO[0m        Expression category json [1m([0mhigh complexity[1m)[0m: [1m10[0m queries                                          
[2m          [0m[2m [0m [1mINFO[0m        Expression category regex [1m([0mhigh complexity[1m)[0m: [1m101[0m queries                                        

[2m          [0m[2m [0m [1mINFO[0m        Type bool [1m([0mlow complexity[1m)[0m: [1m267[0m queries                                                         
[2m          [0m[2m [0m [1mINFO[0m        Type boolean [1m([0mlow complexity[1m)[0m: [1m30660[0m queries                                                    
[2m          [0m[2m [0m [1mINFO[0m        Type smallint [1m([0mlow complexity[1m)[0m: [1m16716[0m queries                                                   
[2m          [0m[2m [0m [1mINFO[0m        Type integer [1m([0mlow complexity[1m)[0m: [1m30711[0m queries                                                    
[2m          [0m[2m [0m [1mINFO[0m        Type bigint [1m([0mlow complexity[1m)[0m: [1m27978[0m queries                                                     
[2m          [0m[2m [0m [1mINFO[0m        Type numeric [1m([0mlow complexity[1m)[0m: [1m23792[0m queries                                                    
[2m          [0m[2m [0m [1mINFO[0m        Type bignumeric [1m([0mlow complexity[1m)[0m: [1m19451[0m queries                                                 
[2m          [0m[2m [0m [1mINFO[0m        Type double [1m([0mlow complexity[1m)[0m: [1m352[0m queries                                                       
[2m          [0m[2m [0m [1mINFO[0m        Type date [1m([0mlow complexity[1m)[0m: [1m10181[0m queries                                                       
[2m          [0m[2m [0m [1mINFO[0m        Type timestamp [1m([0mlow complexity[1m)[0m: [1m14430[0m queries                                                  
[2m          [0m[2m [0m [1mINFO[0m        Type interval [1m([0mlow complexity[1m)[0m: [1m308[0m queries                                                     
[2m          [0m[2m [0m [1mINFO[0m        Type text [1m([0mlow complexity[1m)[0m: [1m28962[0m queries                                                       
[2m          [0m[2m [0m [1mINFO[0m        Type char [1m([0mlow complexity[1m)[0m: [1m21439[0m queries                                                       
[2m          [0m[2m [0m [1mINFO[0m        Type char1 [1m([0mlow complexity[1m)[0m: [1m5907[0m queries                                                       
[2m          [0m[2m [0m [1mINFO[0m        Type varchar [1m([0mlow complexity[1m)[0m: [1m26471[0m queries                                                    
[2m          [0m[2m [0m [1mINFO[0m        Type unknown [1m([0mlow complexity[1m)[0m: [1m28263[0m queries                                                    
[2m          [0m[2m [0m [1mINFO[0m        Type double precision [1m([0mlow complexity[1m)[0m: [1m565[0m queries                                             
[2m          [0m[2m [0m [1mINFO[0m        Type text[1m[[0m[1m][0m [1m([0mmedium complexity[1m)[0m: [1m2099[0m queries                                                   
[2m          [0m[2m [0m [1mINFO[0m        Type varchar[1m[[0m[1m][0m [1m([0mmedium complexity[1m)[0m: [1m352[0m queries                                                 
[2m          [0m[2m [0m [1mINFO[0m        Type integer[1m[[0m[1m][0m [1m([0mmedium complexity[1m)[0m: [1m50[0m queries                                                  
[2m          [0m[2m [0m [1mINFO[0m        Type smallint[1m[[0m[1m][0m [1m([0mmedium complexity[1m)[0m: [1m5[0m queries                                                  
[2m          [0m[2m [0m [1mINFO[0m        Type bigint[1m[[0m[1m][0m [1m([0mmedium complexity[1m)[0m: [1m2[0m queries                                                    
[2m          [0m[2m [0m [1mINFO[0m        Type char[1m[[0m[1m][0m [1m([0mmedium complexity[1m)[0m: [1m31[0m queries                                                     
[2m          [0m[2m [0m [1mINFO[0m        Type numeric[1m[[0m[1m][0m [1m([0mmedium complexity[1m)[0m: [1m1[0m queries                                                   
[2m          [0m[2m [0m [1mINFO[0m        Type record [1m([0mhigh complexity[1m)[0m: [1m25[0m queries                                                       
[2m          [0m[2m [0m [1mINFO[0m        Type jsonb [1m([0mhigh complexity[1m)[0m: [1m5[0m queries                                                         
[2m          [0m[2m [0m [1mINFO[0m        Type json [1m([0mhigh complexity[1m)[0m: [1m7[0m queries                                                          
[2m          [0m[2m [0m [1mINFO[0m        Type timestamptz [1m([0mhigh complexity[1m)[0m: [1m34[0m queries                                                  

[2m          [0m[2m [0m [1mINFO[0m        Complexity low: [1m3253[0m queries                                                                    
[2m          [0m[2m [0m [1mINFO[0m        Complexity medium: [1m10133[0m queries                                                                
[2m          [0m[2m [0m [1mINFO[0m        Complexity high: [1m1856[0m queries                                                                   

[2m          [0m[2m [0m [1mINFO[0m        Writing results to features/v1.[1m0[0m/tpcdsSf1_sqlstorm.csv ...                                      
[?25l
[?25h
